\BOOKMARK [0][-]{chapter*.2}{List of Figures}{}% 1
\BOOKMARK [0][-]{chapter*.3}{List of Tables}{}% 2
\BOOKMARK [0][-]{chapter.1}{Introduction}{}% 3
\BOOKMARK [0][-]{chapter.2}{Background}{}% 4
\BOOKMARK [1][-]{section.2.1}{Optimization}{chapter.2}% 5
\BOOKMARK [1][-]{section.2.2}{Topology optimization}{chapter.2}% 6
\BOOKMARK [1][-]{section.2.3}{Density topology approaches}{chapter.2}% 7
\BOOKMARK [2][-]{subsection.2.3.1}{Smoothing filter}{section.2.3}% 8
\BOOKMARK [2][-]{subsection.2.3.2}{Density methods applied to fluid dynamics}{section.2.3}% 9
\BOOKMARK [2][-]{subsection.2.3.3}{Discussion of the SIMP approach}{section.2.3}% 10
\BOOKMARK [1][-]{section.2.4}{Level set method}{chapter.2}% 11
\BOOKMARK [2][-]{subsection.2.4.1}{Topology optimization with the level set method}{section.2.4}% 12
\BOOKMARK [1][-]{section.2.5}{Extended finite element method}{chapter.2}% 13
\BOOKMARK [0][-]{chapter.3}{A complete methodology for the implementation of XFEM inclusive models}{}% 14
\BOOKMARK [1][-]{section.3.1}{Introduction}{chapter.3}% 15
\BOOKMARK [2][-]{subsection.3.1.1}{Finite element method}{section.3.1}% 16
\BOOKMARK [2][-]{subsection.3.1.2}{Discontinuity}{section.3.1}% 17
\BOOKMARK [2][-]{subsection.3.1.3}{eXtended Finite Element Method}{section.3.1}% 18
\BOOKMARK [2][-]{subsection.3.1.4}{Level set method}{section.3.1}% 19
\BOOKMARK [2][-]{subsection.3.1.5}{Delaunay triangulation}{section.3.1}% 20
\BOOKMARK [1][-]{section.3.2}{Implementation}{chapter.3}% 21
\BOOKMARK [2][-]{subsection.3.2.1}{Summary}{section.3.2}% 22
\BOOKMARK [2][-]{subsection.3.2.2}{Glossary}{section.3.2}% 23
\BOOKMARK [2][-]{subsection.3.2.3}{Procedure overview}{section.3.2}% 24
\BOOKMARK [2][-]{subsection.3.2.4}{Implementation algorithms}{section.3.2}% 25
\BOOKMARK [2][-]{subsection.3.2.5}{Solving the problem}{section.3.2}% 26
\BOOKMARK [2][-]{subsection.3.2.6}{Preconditioner}{section.3.2}% 27
\BOOKMARK [1][-]{section.3.3}{Corroboration and results}{chapter.3}% 28
\BOOKMARK [2][-]{subsection.3.3.1}{Methodology}{section.3.3}% 29
\BOOKMARK [2][-]{subsection.3.3.2}{Tests}{section.3.3}% 30
\BOOKMARK [1][-]{section.3.4}{Conclusions}{chapter.3}% 31
\BOOKMARK [1][-]{section.3.5}{Appendix A: Delaunay Triangulation code}{chapter.3}% 32
\BOOKMARK [2][-]{subsection.3.5.1}{main.m}{section.3.5}% 33
\BOOKMARK [2][-]{subsection.3.5.2}{xfem8isct.m}{section.3.5}% 34
\BOOKMARK [2][-]{subsection.3.5.3}{xfem8tet.m}{section.3.5}% 35
\BOOKMARK [2][-]{subsection.3.5.4}{number\137configurations.m}{section.3.5}% 36
\BOOKMARK [0][-]{chapter.4}{Density and level set XFEM schemes for topology optimization of 3D structures}{}% 37
\BOOKMARK [1][-]{section.4.1}{Introduction}{chapter.4}% 38
\BOOKMARK [1][-]{section.4.2}{Geometry Modeling}{chapter.4}% 39
\BOOKMARK [1][-]{section.4.3}{Structural Analysis}{chapter.4}% 40
\BOOKMARK [2][-]{subsection.4.3.1}{Structural Model}{section.4.3}% 41
\BOOKMARK [2][-]{subsection.4.3.2}{Discretization}{section.4.3}% 42
\BOOKMARK [2][-]{subsection.4.3.3}{Preconditioner}{section.4.3}% 43
\BOOKMARK [1][-]{section.4.4}{Optimization Model}{chapter.4}% 44
\BOOKMARK [2][-]{subsection.4.4.1}{XFEM}{section.4.4}% 45
\BOOKMARK [2][-]{subsection.4.4.2}{SIMP}{section.4.4}% 46
\BOOKMARK [1][-]{section.4.5}{Computational Considerations}{chapter.4}% 47
\BOOKMARK [1][-]{section.4.6}{Numerical Examples}{chapter.4}% 48
\BOOKMARK [2][-]{subsection.4.6.1}{Cube with center load}{section.4.6}% 49
\BOOKMARK [2][-]{subsection.4.6.2}{Cuboid under torsion}{section.4.6}% 50
\BOOKMARK [2][-]{subsection.4.6.3}{Two-phase Cantilevered Beam Design}{section.4.6}% 51
\BOOKMARK [1][-]{section.4.7}{Conclusions}{chapter.4}% 52
\BOOKMARK [0][-]{chapter.5}{Draft: Level Set XFEM Topology Optimization of 3D Navier-Stokes and Scalar Transport Problems}{}% 53
\BOOKMARK [1][-]{section.5.1}{Methodology}{chapter.5}% 54
\BOOKMARK [1][-]{section.5.2}{Numerical examples}{chapter.5}% 55
\BOOKMARK [2][-]{subsection.5.2.1}{Optimization criteria}{section.5.2}% 56
\BOOKMARK [2][-]{subsection.5.2.2}{Pipebend and Diffuser}{section.5.2}% 57
\BOOKMARK [2][-]{subsection.5.2.3}{Micromixer}{section.5.2}% 58
\BOOKMARK [1][-]{section.5.3}{Conclusions}{chapter.5}% 59
\BOOKMARK [0][-]{chapter.6}{Draft: Topology Optimization Approaches for the Curvature Minimization of Level Set Isocontours}{}% 60
\BOOKMARK [1][-]{section.6.1}{Curvature}{chapter.6}% 61
\BOOKMARK [2][-]{subsection.6.1.1}{Comparison of curvature and mean curvature in R2}{section.6.1}% 62
\BOOKMARK [1][-]{section.6.2}{Curvature Squared}{chapter.6}% 63
\BOOKMARK [1][-]{section.6.3}{Level set normal unit vector}{chapter.6}% 64
\BOOKMARK [2][-]{subsection.6.3.1}{n}{section.6.3}% 65
\BOOKMARK [2][-]{subsection.6.3.2}{nu}{section.6.3}% 66
\BOOKMARK [2][-]{subsection.6.3.3}{n}{section.6.3}% 67
\BOOKMARK [2][-]{subsection.6.3.4}{ng}{section.6.3}% 68
\BOOKMARK [1][-]{section.6.4}{Methodology}{chapter.6}% 69
\BOOKMARK [2][-]{subsection.6.4.1}{Sweep setup}{section.6.4}% 70
\BOOKMARK [2][-]{subsection.6.4.2}{Preliminary sweep results}{section.6.4}% 71
\BOOKMARK [1][-]{section.6.5}{Preliminary optimization results}{chapter.6}% 72
\BOOKMARK [2][-]{subsection.6.5.1}{n2 = "026B30D dnuds"026B30D 2}{section.6.5}% 73
\BOOKMARK [2][-]{subsection.6.5.2}{n2 = 12 bold0mu mumu \040: bold0mu mumu \040with ng}{section.6.5}% 74
\BOOKMARK [1][-]{section.6.6}{Conclusions}{chapter.6}% 75
\BOOKMARK [0][-]{chapter.7}{Draft: Modeling of Multiple Scalar Transport Fields for an Atomic Layer Deposition Machine}{}% 76
\BOOKMARK [1][-]{section.7.1}{Conclusions}{chapter.7}% 77
\BOOKMARK [0][-]{chapter.8}{Conclusions}{}% 78
\BOOKMARK [0][-]{chapter.9}{Remaining Work}{}% 79
\BOOKMARK [1][-]{section.9.1}{Ghost penalty formulation}{chapter.9}% 80
\BOOKMARK [1][-]{section.9.2}{Curvature}{chapter.9}% 81
\BOOKMARK [1][-]{section.9.3}{Atomic layer deposition}{chapter.9}% 82
\BOOKMARK [1][-]{section.9.4}{Timeline}{chapter.9}% 83
\BOOKMARK [0][-]{chapter*.135}{Bibliography}{}% 84
